<?xml version="1.0" encoding="UTF-8"?>
<!-- Generated by org.testng.reporters.JUnitReportReporter -->
<testsuite hostname="SALMAN" name="bdd.runners.RunnerClass" tests="6" failures="0" timestamp="12 Aug 2020 03:06:29 GMT" time="119.137" errors="0">
  <testcase name="feature" time="24.057" classname="bdd.runners.RunnerClass"/>
  <testcase name="feature" time="31.198" classname="bdd.runners.RunnerClass"/>
  <testcase name="feature" time="17.030" classname="bdd.runners.RunnerClass"/>
  <testcase name="feature" time="13.342" classname="bdd.runners.RunnerClass"/>
  <testcase name="feature" time="18.333" classname="bdd.runners.RunnerClass"/>
  <testcase name="feature" time="15.177" classname="bdd.runners.RunnerClass"/>
</testsuite> <!-- bdd.runners.RunnerClass -->
